e:\лабы\курсовой яп (почти готовый)\dml-2021\debug\staticlib.pdb
e:\лабы\курсовой яп (почти готовый)\dml-2021\debug\staticlib.idb
e:\лабы\курсовой яп (почти готовый)\dml-2021\staticlib\debug\lib.obj
e:\курсовой яп (почти готовый)\dml-2021\debug\staticlib.lib
e:\лабы\курсовой яп (почти готовый)\dml-2021\debug\staticlib.lib
e:\лабы\курсовой яп (почти готовый)\dml-2021\staticlib\debug\vc143.idb
e:\лабы\курсовой яп (почти готовый)\dml-2021\staticlib\debug\vc143.pdb
e:\лабы\курсовой яп (почти готовый)\dml-2021\staticlib\debug\staticlib.tlog\cl.command.1.tlog
e:\лабы\курсовой яп (почти готовый)\dml-2021\staticlib\debug\staticlib.tlog\cl.read.1.tlog
e:\лабы\курсовой яп (почти готовый)\dml-2021\staticlib\debug\staticlib.tlog\cl.write.1.tlog
e:\лабы\курсовой яп (почти готовый)\dml-2021\staticlib\debug\staticlib.tlog\lib-link.read.1.tlog
e:\лабы\курсовой яп (почти готовый)\dml-2021\staticlib\debug\staticlib.tlog\lib-link.write.1.tlog
e:\лабы\курсовой яп (почти готовый)\dml-2021\staticlib\debug\staticlib.tlog\lib.command.1.tlog
e:\лабы\курсовой яп (почти готовый)\dml-2021\staticlib\debug\staticlib.tlog\link-cvtres.read.1.tlog
e:\лабы\курсовой яп (почти готовый)\dml-2021\staticlib\debug\staticlib.tlog\link-cvtres.write.1.tlog
e:\лабы\курсовой яп (почти готовый)\dml-2021\staticlib\debug\staticlib.tlog\link-rc.read.1.tlog
e:\лабы\курсовой яп (почти готовый)\dml-2021\staticlib\debug\staticlib.tlog\link-rc.write.1.tlog
e:\лабы\курсовой яп (почти готовый)\dml-2021\staticlib\debug\staticlib.tlog\link.command.1.tlog
e:\лабы\курсовой яп (почти готовый)\dml-2021\staticlib\debug\staticlib.tlog\link.read.1.tlog
e:\лабы\курсовой яп (почти готовый)\dml-2021\staticlib\debug\staticlib.tlog\link.write.1.tlog
